<?xml version="1.0" encoding="UTF-8"?>
<!-- Generated by org.testng.reporters.JUnitReportReporter -->
<testsuite skipped="0" hostname="DESKTOP-RMLD950" name="TestScenarios.SearchMmDev" tests="1" failures="0" timestamp="14 Jun 2019 13:18:26 GMT" time="67.212" errors="0">
  <testcase name="verifyGTM" time="67.212" classname="TestScenarios.SearchMmDev"/>
</testsuite> <!-- TestScenarios.SearchMmDev -->
