<?xml version="1.0" encoding="UTF-8"?>
<!-- Generated by org.testng.reporters.JUnitReportReporter -->
<testsuite skipped="0" hostname="DESKTOP-RMLD950" name="TestScenarios.TestHtmlunit" tests="1" failures="0" timestamp="06 Jun 2019 10:03:54 GMT" time="127.385" errors="1">
  <testcase name="verifyImage" time="127.385" classname="TestScenarios.TestHtmlunit">
    <error type="java.lang.OutOfMemoryError" message="Java heap space">
      <![CDATA[java.lang.OutOfMemoryError: Java heap space
at java.util.HashMap.resize(HashMap.java:704)
at java.util.HashMap.putVal(HashMap.java:663)
at java.util.HashMap.put(HashMap.java:612)
at java.util.HashSet.add(HashSet.java:220)
at com.gargoylesoftware.htmlunit.html.DomNode.addDomChangeListener(DomNode.java:1710)
at com.gargoylesoftware.htmlunit.html.AbstractDomNodeList.<init>(AbstractDomNodeList.java:52)
at com.gargoylesoftware.htmlunit.SgmlPage$1.<init>(SgmlPage.java:285)
at com.gargoylesoftware.htmlunit.SgmlPage.getElementsByTagName(SgmlPage.java:285)
at org.openqa.selenium.htmlunit.HtmlUnitDriver.findElementsByTagName(HtmlUnitDriver.java:1128)
at org.openqa.selenium.By$ByTagName.findElements(By.java:327)
at org.openqa.selenium.htmlunit.HtmlUnitDriver.findElements(HtmlUnitDriver.java:1716)
at org.openqa.selenium.htmlunit.HtmlUnitDriver.findElements(HtmlUnitDriver.java:600)
at TestScenarios.TestHtmlunit.verifyImage(TestHtmlunit.java:106)
at sun.reflect.NativeMethodAccessorImpl.invoke0(Native Method)
at sun.reflect.NativeMethodAccessorImpl.invoke(NativeMethodAccessorImpl.java:62)
at sun.reflect.DelegatingMethodAccessorImpl.invoke(DelegatingMethodAccessorImpl.java:43)
at java.lang.reflect.Method.invoke(Method.java:498)
at org.testng.internal.MethodInvocationHelper.invokeMethod(MethodInvocationHelper.java:124)
at org.testng.internal.Invoker.invokeMethod(Invoker.java:580)
at org.testng.internal.Invoker.invokeTestMethod(Invoker.java:716)
at org.testng.internal.Invoker.invokeTestMethods(Invoker.java:988)
at org.testng.internal.TestMethodWorker.invokeTestMethods(TestMethodWorker.java:125)
at org.testng.internal.TestMethodWorker.run(TestMethodWorker.java:109)
at org.testng.TestRunner.privateRun(TestRunner.java:648)
at org.testng.TestRunner.run(TestRunner.java:505)
at org.testng.SuiteRunner.runTest(SuiteRunner.java:455)
at org.testng.SuiteRunner.runSequentially(SuiteRunner.java:450)
at org.testng.SuiteRunner.privateRun(SuiteRunner.java:415)
at org.testng.SuiteRunner.run(SuiteRunner.java:364)
at org.testng.SuiteRunnerWorker.runSuite(SuiteRunnerWorker.java:52)
at org.testng.SuiteRunnerWorker.run(SuiteRunnerWorker.java:84)
at org.testng.TestNG.runSuitesSequentially(TestNG.java:1208)
]]>
    </error>
  </testcase> <!-- verifyImage -->
</testsuite> <!-- TestScenarios.TestHtmlunit -->
