<?xml version="1.0" encoding="UTF-8"?>
<!-- Generated by org.testng.reporters.JUnitReportReporter -->
<testsuite skipped="0" hostname="DESKTOP-RMLD950" name="TestScenarios.SearchMmDev" tests="1" failures="0" timestamp="01 Jul 2019 08:25:55 GMT" time="227.510" errors="0">
  <testcase name="verifyGTM" time="227.510" classname="TestScenarios.SearchMmDev"/>
</testsuite> <!-- TestScenarios.SearchMmDev -->
