<?xml version="1.0" encoding="UTF-8"?>
<!-- Generated by org.testng.reporters.JUnitReportReporter -->
<testsuite skipped="0" hostname="DESKTOP-RMLD950" name="TestScenarios.TestSrcUrl" tests="1" failures="0" timestamp="21 Jun 2019 09:31:07 GMT" time="234.955" errors="0">
  <testcase name="verifyGTM" time="234.955" classname="TestScenarios.TestSrcUrl"/>
</testsuite> <!-- TestScenarios.TestSrcUrl -->
