<?xml version="1.0" encoding="UTF-8"?>
<!-- Generated by org.testng.reporters.JUnitReportReporter -->
<testsuite skipped="0" hostname="DESKTOP-RMLD950" name="TestScenarios.SearchMmDev" tests="1" failures="0" timestamp="11 Jul 2019 07:30:36 GMT" time="368.843" errors="0">
  <testcase name="verifyGTM" time="368.843" classname="TestScenarios.SearchMmDev"/>
</testsuite> <!-- TestScenarios.SearchMmDev -->
