<?xml version="1.0" encoding="UTF-8"?>
<!-- Generated by org.testng.reporters.JUnitReportReporter -->
<testsuite skipped="0" hostname="DESKTOP-RMLD950" name="TestScenarios.SEOUrlVerification" tests="1" failures="0" timestamp="11 Jul 2019 11:05:55 GMT" time="529.234" errors="0">
  <testcase name="verifySEO" time="529.234" classname="TestScenarios.SEOUrlVerification"/>
</testsuite> <!-- TestScenarios.SEOUrlVerification -->
