<?xml version="1.0" encoding="UTF-8"?>
<!-- Generated by org.testng.reporters.JUnitReportReporter -->
<testsuite skipped="0" hostname="DESKTOP-RMLD950" name="TestScenarios.TestSaleForJun" tests="1" failures="0" timestamp="19 Jun 2019 07:10:54 GMT" time="133.812" errors="1">
  <testcase name="verifyImage" time="133.812" classname="TestScenarios.TestSaleForJun">
    <error type="java.lang.OutOfMemoryError" message="GC overhead limit exceeded">
      <![CDATA[java.lang.OutOfMemoryError: GC overhead limit exceeded
at java.lang.StringBuilder.toString(StringBuilder.java:407)
at sun.net.util.URLUtil.urlNoFragString(URLUtil.java:80)
at sun.net.www.protocol.jar.JarFileFactory.getCachedJarFile(JarFileFactory.java:132)
at sun.net.www.protocol.jar.JarFileFactory.get(JarFileFactory.java:91)
at sun.net.www.protocol.jar.JarURLConnection.connect(JarURLConnection.java:122)
at sun.net.www.protocol.jar.JarURLConnection.getInputStream(JarURLConnection.java:152)
at java.net.URLClassLoader.getResourceAsStream(URLClassLoader.java:239)
at org.apache.http.util.VersionInfo.loadVersionInfo(VersionInfo.java:233)
at org.apache.http.util.VersionInfo.getUserAgent(VersionInfo.java:319)
at org.apache.http.impl.client.HttpClientBuilder.build(HttpClientBuilder.java:1046)
at com.gargoylesoftware.htmlunit.HttpWebConnection.getResponse(HttpWebConnection.java:184)
at com.gargoylesoftware.htmlunit.WebClient.loadWebResponseFromWebConnection(WebClient.java:1357)
at com.gargoylesoftware.htmlunit.WebClient.loadWebResponse(WebClient.java:1274)
at com.gargoylesoftware.htmlunit.WebClient.getPage(WebClient.java:382)
at com.gargoylesoftware.htmlunit.WebClient.getPage(WebClient.java:304)
at com.gargoylesoftware.htmlunit.WebClient.getPage(WebClient.java:451)
at org.openqa.selenium.htmlunit.HtmlUnitDriver.get(HtmlUnitDriver.java:528)
at org.openqa.selenium.htmlunit.HtmlUnitDriver.get(HtmlUnitDriver.java:517)
at TestScenarios.TestSaleForJun.verifyImage(TestSaleForJun.java:103)
at sun.reflect.NativeMethodAccessorImpl.invoke0(Native Method)
at sun.reflect.NativeMethodAccessorImpl.invoke(NativeMethodAccessorImpl.java:62)
at sun.reflect.DelegatingMethodAccessorImpl.invoke(DelegatingMethodAccessorImpl.java:43)
at java.lang.reflect.Method.invoke(Method.java:498)
at org.testng.internal.MethodInvocationHelper.invokeMethod(MethodInvocationHelper.java:124)
at org.testng.internal.Invoker.invokeMethod(Invoker.java:580)
at org.testng.internal.Invoker.invokeTestMethod(Invoker.java:716)
at org.testng.internal.Invoker.invokeTestMethods(Invoker.java:988)
at org.testng.internal.TestMethodWorker.invokeTestMethods(TestMethodWorker.java:125)
at org.testng.internal.TestMethodWorker.run(TestMethodWorker.java:109)
at org.testng.TestRunner.privateRun(TestRunner.java:648)
at org.testng.TestRunner.run(TestRunner.java:505)
at org.testng.SuiteRunner.runTest(SuiteRunner.java:455)
]]>
    </error>
  </testcase> <!-- verifyImage -->
</testsuite> <!-- TestScenarios.TestSaleForJun -->
