<?xml version="1.0" encoding="UTF-8"?>
<!-- Generated by org.testng.reporters.JUnitReportReporter -->
<testsuite skipped="0" hostname="DESKTOP-RMLD950" name="TestScenarios.TestSaleForJun" tests="1" failures="0" timestamp="10 Jun 2019 07:27:38 GMT" time="3127.314" errors="0">
  <testcase name="verifyImage" time="3127.314" classname="TestScenarios.TestSaleForJun"/>
</testsuite> <!-- TestScenarios.TestSaleForJun -->
