<?xml version="1.0" encoding="UTF-8"?>
<!-- Generated by org.testng.reporters.JUnitReportReporter -->
<testsuite skipped="0" hostname="DESKTOP-RMLD950" name="TestScenarios.CheckBkImage" tests="1" failures="0" timestamp="05 Jun 2019 08:36:07 GMT" time="13.733" errors="0">
  <testcase name="verifyImage" time="13.733" classname="TestScenarios.CheckBkImage"/>
</testsuite> <!-- TestScenarios.CheckBkImage -->
