<?xml version="1.0" encoding="UTF-8"?>
<!-- Generated by org.testng.reporters.JUnitReportReporter -->
<testsuite skipped="0" hostname="DESKTOP-RMLD950" name="TestScenarios.CheckGTMKOI" tests="2" failures="0" timestamp="07 Jun 2019 06:43:16 GMT" time="0.314" errors="0">
  <testcase name="verifyGTM" time="0.283" classname="TestScenarios.CheckGTMKOI"/>
  <testcase name="verifyKOI" time="0.031" classname="TestScenarios.CheckGTMKOI"/>
</testsuite> <!-- TestScenarios.CheckGTMKOI -->
