<?xml version="1.0" encoding="UTF-8"?>
<!-- Generated by org.testng.reporters.JUnitReportReporter -->
<testsuite skipped="0" hostname="DESKTOP-RMLD950" name="TestScenarios.SearchMmDev" tests="1" failures="0" timestamp="25 Jun 2019 06:53:08 GMT" time="1351.522" errors="0">
  <testcase name="verifyGTM" time="1351.522" classname="TestScenarios.SearchMmDev"/>
</testsuite> <!-- TestScenarios.SearchMmDev -->
