<?xml version="1.0" encoding="UTF-8"?>
<!-- Generated by org.testng.reporters.JUnitReportReporter -->
<testsuite skipped="0" hostname="DESKTOP-RMLD950" name="TestScenarios.TestSrcUrl" tests="1" failures="0" timestamp="18 Jun 2019 05:45:42 GMT" time="822.146" errors="0">
  <testcase name="verifyGTM" time="822.146" classname="TestScenarios.TestSrcUrl"/>
</testsuite> <!-- TestScenarios.TestSrcUrl -->
