<?xml version="1.0" encoding="UTF-8"?>
<!-- Generated by org.testng.reporters.JUnitReportReporter -->
<testsuite skipped="0" hostname="DESKTOP-RMLD950" name="TestScenarios.CheckGTMKOI" tests="2" failures="0" timestamp="27 Jun 2019 13:00:41 GMT" time="0.411" errors="0">
  <testcase name="verifyGTM" time="0.389" classname="TestScenarios.CheckGTMKOI"/>
  <testcase name="verifyKOI" time="0.022" classname="TestScenarios.CheckGTMKOI"/>
</testsuite> <!-- TestScenarios.CheckGTMKOI -->
