<?xml version="1.0" encoding="UTF-8"?>
<!-- Generated by org.testng.reporters.JUnitReportReporter -->
<testsuite skipped="0" hostname="DESKTOP-RMLD950" name="TestScenarios.TestSrcUrl" tests="1" failures="0" timestamp="27 Jun 2019 10:10:48 GMT" time="205.490" errors="0">
  <testcase name="verifyGTM" time="205.490" classname="TestScenarios.TestSrcUrl"/>
</testsuite> <!-- TestScenarios.TestSrcUrl -->
