<?xml version="1.0" encoding="UTF-8"?>
<!-- Generated by org.testng.reporters.JUnitReportReporter -->
<testsuite skipped="0" hostname="DESKTOP-RMLD950" name="VerifyGtmKoi" tests="1" failures="0" timestamp="12 Jun 2019 08:53:07 GMT" time="124.297" errors="0">
  <testcase name="verifyGTMKOI" time="124.297" classname="VerifyGtmKoi"/>
</testsuite> <!-- VerifyGtmKoi -->
