<?xml version="1.0" encoding="UTF-8"?>
<!-- Generated by org.testng.reporters.JUnitReportReporter -->
<testsuite skipped="0" hostname="DESKTOP-RMLD950" name="TestScenarios.CheckNewCoupon" tests="1" failures="0" timestamp="04 Jun 2019 12:42:39 GMT" time="41.969" errors="0">
  <testcase name="verifyImage" time="41.969" classname="TestScenarios.CheckNewCoupon"/>
</testsuite> <!-- TestScenarios.CheckNewCoupon -->
