<?xml version="1.0" encoding="UTF-8"?>
<!-- Generated by org.testng.reporters.JUnitReportReporter -->
<testsuite skipped="0" hostname="DESKTOP-RMLD950" name="TestScenarios.CheckOldCoupn" tests="1" failures="0" timestamp="04 Jun 2019 12:10:53 GMT" time="21.695" errors="0">
  <testcase name="couponVerification" time="21.695" classname="TestScenarios.CheckOldCoupn"/>
</testsuite> <!-- TestScenarios.CheckOldCoupn -->
