<?xml version="1.0" encoding="UTF-8"?>
<!-- Generated by org.testng.reporters.JUnitReportReporter -->
<testsuite skipped="0" hostname="DESKTOP-RMLD950" name="TestScenarios.CheckGTMKOI" tests="2" failures="0" timestamp="09 Jul 2019 11:10:35 GMT" time="0.166" errors="0">
  <testcase name="verifyGTM" time="0.128" classname="TestScenarios.CheckGTMKOI"/>
  <testcase name="verifyKOI" time="0.038" classname="TestScenarios.CheckGTMKOI"/>
</testsuite> <!-- TestScenarios.CheckGTMKOI -->
