<?xml version="1.0" encoding="UTF-8"?>
<!-- Generated by org.testng.reporters.JUnitReportReporter -->
<testsuite skipped="0" hostname="DESKTOP-RMLD950" name="TestScenarios.TestSrcUrl" tests="1" failures="0" timestamp="11 Jul 2019 07:41:01 GMT" time="319.239" errors="0">
  <testcase name="verifyGTM" time="319.239" classname="TestScenarios.TestSrcUrl"/>
</testsuite> <!-- TestScenarios.TestSrcUrl -->
